0 info it worked if it ends with ok
1 verbose cli [ 'node', '/usr/local/bin/npm', 'install', 'gulp-font-awesome' ]
2 info using npm@1.4.28
3 info using node@v0.10.33
4 verbose readDependencies using package.json deps
5 verbose cache add [ 'gulp-font-awesome', null ]
6 verbose cache add name=undefined spec="gulp-font-awesome" args=["gulp-font-awesome",null]
7 verbose parsed url { protocol: null,
7 verbose parsed url   slashes: null,
7 verbose parsed url   auth: null,
7 verbose parsed url   host: null,
7 verbose parsed url   port: null,
7 verbose parsed url   hostname: null,
7 verbose parsed url   hash: null,
7 verbose parsed url   search: null,
7 verbose parsed url   query: null,
7 verbose parsed url   pathname: 'gulp-font-awesome',
7 verbose parsed url   path: 'gulp-font-awesome',
7 verbose parsed url   href: 'gulp-font-awesome' }
8 silly lockFile 053123a4-gulp-font-awesome gulp-font-awesome
9 verbose lock gulp-font-awesome /Users/DylanNirvana/.npm/053123a4-gulp-font-awesome.lock
10 silly lockFile 053123a4-gulp-font-awesome gulp-font-awesome
11 silly lockFile 053123a4-gulp-font-awesome gulp-font-awesome
12 verbose addNamed [ 'gulp-font-awesome', '' ]
13 verbose addNamed [ null, '*' ]
14 silly lockFile 3a3d7693-gulp-font-awesome gulp-font-awesome@
15 verbose lock gulp-font-awesome@ /Users/DylanNirvana/.npm/3a3d7693-gulp-font-awesome.lock
16 silly addNameRange { name: 'gulp-font-awesome', range: '*', hasData: false }
17 verbose request where is /gulp-font-awesome
18 verbose request registry https://registry.npmjs.org/
19 verbose request id e036a9fda5f777e6
20 verbose url raw /gulp-font-awesome
21 verbose url resolving [ 'https://registry.npmjs.org/', './gulp-font-awesome' ]
22 verbose url resolved https://registry.npmjs.org/gulp-font-awesome
23 verbose request where is https://registry.npmjs.org/gulp-font-awesome
24 info trying registry request attempt 1 at 17:11:11
25 http GET https://registry.npmjs.org/gulp-font-awesome
26 http 404 https://registry.npmjs.org/gulp-font-awesome
27 verbose headers { date: 'Mon, 29 Dec 2014 22:11:11 GMT',
27 verbose headers   server: 'CouchDB/1.5.0 (Erlang OTP/R16B03)',
27 verbose headers   'content-type': 'application/json',
27 verbose headers   'cache-control': 'max-age=0',
27 verbose headers   'content-length': '52',
27 verbose headers   'accept-ranges': 'bytes',
27 verbose headers   via: '1.1 varnish',
27 verbose headers   age: '0',
27 verbose headers   'x-served-by': 'cache-atl6228-ATL',
27 verbose headers   'x-cache': 'MISS',
27 verbose headers   'x-cache-hits': '0',
27 verbose headers   'x-timer': 'S1419891071.528233,VS0,VE110',
27 verbose headers   'keep-alive': 'timeout=10, max=50',
27 verbose headers   connection: 'Keep-Alive' }
28 silly registry.get cb [ 404,
28 silly registry.get   { date: 'Mon, 29 Dec 2014 22:11:11 GMT',
28 silly registry.get     server: 'CouchDB/1.5.0 (Erlang OTP/R16B03)',
28 silly registry.get     'content-type': 'application/json',
28 silly registry.get     'cache-control': 'max-age=0',
28 silly registry.get     'content-length': '52',
28 silly registry.get     'accept-ranges': 'bytes',
28 silly registry.get     via: '1.1 varnish',
28 silly registry.get     age: '0',
28 silly registry.get     'x-served-by': 'cache-atl6228-ATL',
28 silly registry.get     'x-cache': 'MISS',
28 silly registry.get     'x-cache-hits': '0',
28 silly registry.get     'x-timer': 'S1419891071.528233,VS0,VE110',
28 silly registry.get     'keep-alive': 'timeout=10, max=50',
28 silly registry.get     connection: 'Keep-Alive' } ]
29 silly lockFile 3a3d7693-gulp-font-awesome gulp-font-awesome@
30 silly lockFile 3a3d7693-gulp-font-awesome gulp-font-awesome@
31 error 404 404 Not Found: gulp-font-awesome
31 error 404
31 error 404 'gulp-font-awesome' is not in the npm registry.
31 error 404 You should bug the author to publish it
31 error 404 It was specified as a dependency of 'ritzresponsive'
31 error 404
31 error 404 Note that you can also install from a
31 error 404 tarball, folder, or http url, or git url.
32 error System Darwin 14.1.0
33 error command "node" "/usr/local/bin/npm" "install" "gulp-font-awesome"
34 error cwd /Users/DylanNirvana/Desktop/designs/ritzmodern
35 error node -v v0.10.33
36 error npm -v 1.4.28
37 error code E404
38 verbose exit [ 1, true ]
